--------------------Mixware Screen Log Start--------------------
Git Version: 1.0
--------------------Mixware Screen Log Start--------------------
Git Version: 1.0
--------------------Mixware Screen Log Start--------------------
Git Version: 1.0
2023-02-21 16:25:54,573 [MixwareScreenLogger.py:info()] - Mixware Scrren Start
--------------------Mixware Screen Log Start--------------------
Git Version: 1.0
2023-02-21 16:27:21,761 [MixwareScreenLogger.py:info()] - Mixware Scrren Start
2023-02-21 16:27:44,255 [MixwareScreenLogger.py:info()] - debug
2023-02-21 16:27:52,399 [MixwareScreenLogger.py:info()] - debug
--------------------Mixware Screen Log Start--------------------
Git Version: 1.0
2023-02-21 16:29:18,318 [MixwareScreenLogger.py:info()] - Mixware Scrren Start
2023-02-21 16:29:20,533 [MixwareScreenLogger.py:info()] - 
2023-02-21 16:29:27,666 [MixwareScreenLogger.py:info()] - 
--------------------Mixware Screen Log Start--------------------
Git Version: 1.0
--------------------Mixware Screen Log Start--------------------
Git Version: 1.0
2023-02-21 16:40:28,492 [MixwareScreenLogger.py:info()] - Mixware Scrren Start
--------------------Mixware Screen Log Start--------------------
Git Version: 1.0
2023-02-21 16:40:52,387 [MixwareScreenLogger.py:info()] - Mixware Scrren Start
--------------------Mixware Screen Log Start--------------------
Git Version: 1.0
2023-02-21 16:47:22,440 [MixwareScreenLogger.py:info()] - Mixware Scrren Start
--------------------Mixware Screen Log Start--------------------
Git Version: 1.0
2023-02-21 16:53:35,540 [MixwareScreenLogger.py:info()] - Mixware Scrren Start
--------------------Mixware Screen Log Start--------------------
Git Version: 1.0
2023-02-21 17:06:40,966 [MixwareScreenLogger.py:info()] - Mixware Scrren Start
--------------------Mixware Screen Log Start--------------------
Git Version: 1.0
2023-02-22 08:54:43,563 [MixwareScreenLogger.py:info()] - Mixware Scrren Start
--------------------Mixware Screen Log Start--------------------
Git Version: 1.0
2023-02-22 10:01:25,440 [MixwareScreenLogger.py:info()] - Mixware Scrren Start
--------------------Mixware Screen Log Start--------------------
Git Version: 1.0
2023-02-22 10:54:33,296 [MixwareScreenLogger.py:info()] - Mixware Scrren Start
--------------------Mixware Screen Log Start--------------------
Git Version: 1.0
--------------------Mixware Screen Log Start--------------------
Git Version: 1.0
--------------------Mixware Screen Log Start--------------------
Git Version: 1.0
--------------------Mixware Screen Log Start--------------------
Git Version: 1.0
--------------------Mixware Screen Log Start--------------------
Git Version: 1.0
--------------------Mixware Screen Log Start--------------------
Git Version: 1.0
2023-02-22 11:13:04,567 [MixwareScreenLogger.py:info()] - debug
--------------------Mixware Screen Log Start--------------------
Git Version: 1.0
--------------------Mixware Screen Log Start--------------------
Git Version: 1.0
2023-02-22 14:21:30,964 [MixwareScreenLogger.py:info()] - Mixware Scrren Start
--------------------Mixware Screen Log Start--------------------
Git Version: 1.0
2023-02-22 14:25:18,075 [MixwareScreenLogger.py:info()] - Mixware Scrren Start
--------------------Mixware Screen Log Start--------------------
Git Version: 1.0
--------------------Mixware Screen Log Start--------------------
Git Version: 1.0
--------------------Mixware Screen Log Start--------------------
Git Version: 1.0
--------------------Mixware Screen Log Start--------------------
Git Version: 1.0
--------------------Mixware Screen Log Start--------------------
Git Version: 1.0
--------------------Mixware Screen Log Start--------------------
Git Version: 1.0
--------------------Mixware Screen Log Start--------------------
Git Version: 1.0
2023-02-22 14:34:26,102 [MixwareScreenLogger.py:info()] - debug
2023-02-22 14:34:33,958 [MixwareScreenLogger.py:info()] - debug
--------------------Mixware Screen Log Start--------------------
Git Version: 1.0
2023-02-22 14:36:46,379 [MixwareScreenLogger.py:info()] - debug
--------------------Mixware Screen Log Start--------------------
Git Version: 1.0
--------------------Mixware Screen Log Start--------------------
Git Version: 1.0
--------------------Mixware Screen Log Start--------------------
Git Version: 1.0
2023-02-22 14:38:46,820 [MixwareScreenLogger.py:info()] - debug
--------------------Mixware Screen Log Start--------------------
Git Version: 1.0
2023-02-22 14:46:00,109 [MixwareScreenLogger.py:info()] - debug
2023-02-22 14:46:11,831 [MixwareScreenLogger.py:info()] - debug
--------------------Mixware Screen Log Start--------------------
Git Version: 1.0
2023-02-22 14:47:37,377 [MixwareScreenLogger.py:info()] - debug
--------------------Mixware Screen Log Start--------------------
Git Version: 1.0
2023-02-22 14:47:57,665 [MixwareScreenLogger.py:info()] - debug
--------------------Mixware Screen Log Start--------------------
Git Version: 1.0
2023-02-22 14:50:44,548 [MixwareScreenLogger.py:info()] - debug
2023-02-22 14:51:36,848 [MixwareScreenLogger.py:info()] - debug
--------------------Mixware Screen Log Start--------------------
Git Version: 1.0
--------------------Mixware Screen Log Start--------------------
Git Version: 1.0
--------------------Mixware Screen Log Start--------------------
Git Version: 1.0
--------------------Mixware Screen Log Start--------------------
Git Version: 1.0
--------------------Mixware Screen Log Start--------------------
Git Version: 1.0
--------------------Mixware Screen Log Start--------------------
Git Version: 1.0
--------------------Mixware Screen Log Start--------------------
Git Version: 1.0
--------------------Mixware Screen Log Start--------------------
Git Version: 1.0
--------------------Mixware Screen Log Start--------------------
Git Version: 1.0
--------------------Mixware Screen Log Start--------------------
Git Version: 1.0
--------------------Mixware Screen Log Start--------------------
Git Version: 1.0
--------------------Mixware Screen Log Start--------------------
Git Version: 1.0
--------------------Mixware Screen Log Start--------------------
Git Version: 1.0
--------------------Mixware Screen Log Start--------------------
Git Version: 1.0
--------------------Mixware Screen Log Start--------------------
Git Version: 1.0
--------------------Mixware Screen Log Start--------------------
Git Version: 1.0
--------------------Mixware Screen Log Start--------------------
Git Version: 1.0
--------------------Mixware Screen Log Start--------------------
Git Version: 1.0
--------------------Mixware Screen Log Start--------------------
Git Version: 1.0
--------------------Mixware Screen Log Start--------------------
Git Version: 1.0
--------------------Mixware Screen Log Start--------------------
Git Version: 1.0
--------------------Mixware Screen Log Start--------------------
Git Version: 1.0
--------------------Mixware Screen Log Start--------------------
Git Version: 1.0
--------------------Mixware Screen Log Start--------------------
Git Version: 1.0
--------------------Mixware Screen Log Start--------------------
Git Version: 1.0
--------------------Mixware Screen Log Start--------------------
Git Version: 1.0
--------------------Mixware Screen Log Start--------------------
Git Version: 1.0
--------------------Mixware Screen Log Start--------------------
Git Version: 1.0
--------------------Mixware Screen Log Start--------------------
Git Version: 1.0
--------------------Mixware Screen Log Start--------------------
Git Version: 1.0
--------------------Mixware Screen Log Start--------------------
Git Version: 1.0
--------------------Mixware Screen Log Start--------------------
Git Version: 1.0
--------------------Mixware Screen Log Start--------------------
Git Version: 1.0
--------------------Mixware Screen Log Start--------------------
Git Version: 1.0
--------------------Mixware Screen Log Start--------------------
Git Version: 1.0
--------------------Mixware Screen Log Start--------------------
Git Version: 1.0
--------------------Mixware Screen Log Start--------------------
Git Version: 1.0
--------------------Mixware Screen Log Start--------------------
Git Version: 1.0
--------------------Mixware Screen Log Start--------------------
Git Version: 1.0
--------------------Mixware Screen Log Start--------------------
Git Version: 1.0
--------------------Mixware Screen Log Start--------------------
Git Version: 1.0
--------------------Mixware Screen Log Start--------------------
Git Version: 1.0
--------------------Mixware Screen Log Start--------------------
Git Version: 1.0
--------------------Mixware Screen Log Start--------------------
Git Version: 1.0
--------------------Mixware Screen Log Start--------------------
Git Version: 1.0
--------------------Mixware Screen Log Start--------------------
Git Version: 1.0
--------------------Mixware Screen Log Start--------------------
Git Version: 1.0
--------------------Mixware Screen Log Start--------------------
Git Version: 1.0
--------------------Mixware Screen Log Start--------------------
Git Version: 1.0
--------------------Mixware Screen Log Start--------------------
Git Version: 1.0
--------------------Mixware Screen Log Start--------------------
Git Version: 1.0
--------------------Mixware Screen Log Start--------------------
Git Version: 1.0
--------------------Mixware Screen Log Start--------------------
Git Version: 1.0
--------------------Mixware Screen Log Start--------------------
Git Version: 1.0
--------------------Mixware Screen Log Start--------------------
Git Version: 1.0
--------------------Mixware Screen Log Start--------------------
Git Version: 1.0
--------------------Mixware Screen Log Start--------------------
Git Version: 1.0
--------------------Mixware Screen Log Start--------------------
Git Version: 1.0
--------------------Mixware Screen Log Start--------------------
Git Version: 1.0
--------------------Mixware Screen Log Start--------------------
Git Version: 1.0
--------------------Mixware Screen Log Start--------------------
Git Version: 1.0
--------------------Mixware Screen Log Start--------------------
Git Version: 1.0
--------------------Mixware Screen Log Start--------------------
Git Version: 1.0
--------------------Mixware Screen Log Start--------------------
Git Version: 1.0
--------------------Mixware Screen Log Start--------------------
Git Version: 1.0
--------------------Mixware Screen Log Start--------------------
Git Version: 1.0
--------------------Mixware Screen Log Start--------------------
Git Version: 1.0
--------------------Mixware Screen Log Start--------------------
Git Version: 1.0
--------------------Mixware Screen Log Start--------------------
Git Version: 1.0
--------------------Mixware Screen Log Start--------------------
Git Version: 1.0
--------------------Mixware Screen Log Start--------------------
Git Version: 1.0
--------------------Mixware Screen Log Start--------------------
Git Version: 1.0
--------------------Mixware Screen Log Start--------------------
Git Version: 1.0
--------------------Mixware Screen Log Start--------------------
Git Version: 1.0
--------------------Mixware Screen Log Start--------------------
Git Version: 1.0
--------------------Mixware Screen Log Start--------------------
Git Version: 1.0
--------------------Mixware Screen Log Start--------------------
Git Version: 1.0
--------------------Mixware Screen Log Start--------------------
Git Version: 1.0
--------------------Mixware Screen Log Start--------------------
Git Version: 1.0
--------------------Mixware Screen Log Start--------------------
Git Version: 1.0
--------------------Mixware Screen Log Start--------------------
Git Version: 1.0
--------------------Mixware Screen Log Start--------------------
Git Version: 1.0
--------------------Mixware Screen Log Start--------------------
Git Version: 1.0
--------------------Mixware Screen Log Start--------------------
Git Version: 1.0
--------------------Mixware Screen Log Start--------------------
Git Version: 1.0
--------------------Mixware Screen Log Start--------------------
Git Version: 1.0
--------------------Mixware Screen Log Start--------------------
Git Version: 1.0
--------------------Mixware Screen Log Start--------------------
Git Version: 1.0
--------------------Mixware Screen Log Start--------------------
Git Version: 1.0
--------------------Mixware Screen Log Start--------------------
Git Version: 1.0
--------------------Mixware Screen Log Start--------------------
Git Version: 1.0
--------------------Mixware Screen Log Start--------------------
Git Version: 1.0
--------------------Mixware Screen Log Start--------------------
Git Version: 1.0
--------------------Mixware Screen Log Start--------------------
Git Version: 1.0
--------------------Mixware Screen Log Start--------------------
Git Version: 1.0
--------------------Mixware Screen Log Start--------------------
Git Version: 1.0
--------------------Mixware Screen Log Start--------------------
Git Version: 1.0
--------------------Mixware Screen Log Start--------------------
Git Version: 1.0
--------------------Mixware Screen Log Start--------------------
Git Version: 1.0
--------------------Mixware Screen Log Start--------------------
Git Version: 1.0
--------------------Mixware Screen Log Start--------------------
Git Version: 1.0
--------------------Mixware Screen Log Start--------------------
Git Version: 1.0
--------------------Mixware Screen Log Start--------------------
Git Version: 1.0
--------------------Mixware Screen Log Start--------------------
Git Version: 1.0
--------------------Mixware Screen Log Start--------------------
Git Version: 1.0
--------------------Mixware Screen Log Start--------------------
Git Version: 1.0
--------------------Mixware Screen Log Start--------------------
Git Version: 1.0
--------------------Mixware Screen Log Start--------------------
Git Version: 1.0
--------------------Mixware Screen Log Start--------------------
Git Version: 1.0
--------------------Mixware Screen Log Start--------------------
Git Version: 1.0
--------------------Mixware Screen Log Start--------------------
Git Version: 1.0
--------------------Mixware Screen Log Start--------------------
Git Version: 1.0
--------------------Mixware Screen Log Start--------------------
Git Version: 1.0
--------------------Mixware Screen Log Start--------------------
Git Version: 1.0
--------------------Mixware Screen Log Start--------------------
Git Version: 1.0
--------------------Mixware Screen Log Start--------------------
Git Version: 1.0
--------------------Mixware Screen Log Start--------------------
Git Version: 1.0
--------------------Mixware Screen Log Start--------------------
Git Version: 1.0
--------------------Mixware Screen Log Start--------------------
Git Version: 1.0
--------------------Mixware Screen Log Start--------------------
Git Version: 1.0
--------------------Mixware Screen Log Start--------------------
Git Version: 1.0
--------------------Mixware Screen Log Start--------------------
Git Version: 1.0
--------------------Mixware Screen Log Start--------------------
Git Version: 1.0
--------------------Mixware Screen Log Start--------------------
Git Version: 1.0
--------------------Mixware Screen Log Start--------------------
Git Version: 1.0
--------------------Mixware Screen Log Start--------------------
Git Version: 1.0
--------------------Mixware Screen Log Start--------------------
Git Version: 1.0
--------------------Mixware Screen Log Start--------------------
Git Version: 1.0
--------------------Mixware Screen Log Start--------------------
Git Version: 1.0
--------------------Mixware Screen Log Start--------------------
Git Version: 1.0
--------------------Mixware Screen Log Start--------------------
Git Version: 1.0
--------------------Mixware Screen Log Start--------------------
Git Version: 1.0
--------------------Mixware Screen Log Start--------------------
Git Version: 1.0
--------------------Mixware Screen Log Start--------------------
Git Version: 1.0
--------------------Mixware Screen Log Start--------------------
Git Version: 1.0
--------------------Mixware Screen Log Start--------------------
Git Version: 1.0
--------------------Mixware Screen Log Start--------------------
Git Version: 1.0
--------------------Mixware Screen Log Start--------------------
Git Version: 1.0
--------------------Mixware Screen Log Start--------------------
Git Version: 1.0
--------------------Mixware Screen Log Start--------------------
Git Version: 1.0
--------------------Mixware Screen Log Start--------------------
Git Version: 1.0
--------------------Mixware Screen Log Start--------------------
Git Version: 1.0
--------------------Mixware Screen Log Start--------------------
Git Version: 1.0
--------------------Mixware Screen Log Start--------------------
Git Version: 1.0
--------------------Mixware Screen Log Start--------------------
Git Version: 1.0
--------------------Mixware Screen Log Start--------------------
Git Version: 1.0
--------------------Mixware Screen Log Start--------------------
Git Version: 1.0
--------------------Mixware Screen Log Start--------------------
Git Version: 1.0
--------------------Mixware Screen Log Start--------------------
Git Version: 1.0
--------------------Mixware Screen Log Start--------------------
Git Version: 1.0
--------------------Mixware Screen Log Start--------------------
Git Version: 1.0
--------------------Mixware Screen Log Start--------------------
Git Version: 1.0
--------------------Mixware Screen Log Start--------------------
Git Version: 1.0
--------------------Mixware Screen Log Start--------------------
Git Version: 1.0
--------------------Mixware Screen Log Start--------------------
Git Version: 1.0
--------------------Mixware Screen Log Start--------------------
Git Version: 1.0
--------------------Mixware Screen Log Start--------------------
Git Version: 1.0
--------------------Mixware Screen Log Start--------------------
Git Version: 1.0
--------------------Mixware Screen Log Start--------------------
Git Version: 1.0
--------------------Mixware Screen Log Start--------------------
Git Version: 1.0
--------------------Mixware Screen Log Start--------------------
Git Version: 1.0
--------------------Mixware Screen Log Start--------------------
Git Version: 1.0
--------------------Mixware Screen Log Start--------------------
Git Version: 1.0
--------------------Mixware Screen Log Start--------------------
Git Version: 1.0
--------------------Mixware Screen Log Start--------------------
Git Version: 1.0
--------------------Mixware Screen Log Start--------------------
Git Version: 1.0
--------------------Mixware Screen Log Start--------------------
Git Version: 1.0
--------------------Mixware Screen Log Start--------------------
Git Version: 1.0
--------------------Mixware Screen Log Start--------------------
Git Version: 1.0
--------------------Mixware Screen Log Start--------------------
Git Version: 1.0
--------------------Mixware Screen Log Start--------------------
Git Version: 1.0
--------------------Mixware Screen Log Start--------------------
Git Version: 1.0
--------------------Mixware Screen Log Start--------------------
Git Version: 1.0
--------------------Mixware Screen Log Start--------------------
Git Version: 1.0
--------------------Mixware Screen Log Start--------------------
Git Version: 1.0
--------------------Mixware Screen Log Start--------------------
Git Version: 1.0
2023-02-28 10:19:36,791 [MixwareScreenLogger.py:logging_exception_handler()] - Uncaught exception <class 'NameError'>: name 'qApp' is not defined
  File "E:\Users\RODEO_T\Documents\mixwareScreen\main.py", line 66, in <module>
    engine.rootContext().setContextProperty("appDir", qApp.applicationDirPath())
NoneType: None
--------------------Mixware Screen Log Start--------------------
Git Version: 1.0
2023-02-28 10:19:57,885 [MixwareScreenLogger.py:logging_exception_handler()] - Uncaught exception <class 'AttributeError'>: 'QQmlApplicationEngine' object has no attribute 'applicationDirPath'
  File "E:\Users\RODEO_T\Documents\mixwareScreen\main.py", line 66, in <module>
    engine.rootContext().setContextProperty("appDir", engine.applicationDirPath())
NoneType: None
--------------------Mixware Screen Log Start--------------------
Git Version: 1.0
